d:\github\invader\project1\x64\debug\vc143.pdb
d:\github\invader\project1\x64\debug\vc143.idb
d:\github\invader\project1\x64\debug\mychar.obj
d:\github\invader\project1\x64\debug\juck.obj
d:\github\invader\project1\x64\debug\invader.obj
d:\github\invader\project1\x64\debug\console.obj
d:\github\invader\project1\x64\debug\project1.ilk
d:\github\invader\x64\debug\project1.pdb
d:\github\invader\project1\x64\debug\project1.tlog\cl.command.1.tlog
d:\github\invader\project1\x64\debug\project1.tlog\cl.items.tlog
d:\github\invader\project1\x64\debug\project1.tlog\cl.read.1.tlog
d:\github\invader\project1\x64\debug\project1.tlog\cl.write.1.tlog
d:\github\invader\project1\x64\debug\project1.tlog\link-cvtres.read.1.tlog
d:\github\invader\project1\x64\debug\project1.tlog\link-cvtres.write.1.tlog
d:\github\invader\project1\x64\debug\project1.tlog\link-rc.read.1.tlog
d:\github\invader\project1\x64\debug\project1.tlog\link-rc.write.1.tlog
d:\github\invader\project1\x64\debug\project1.tlog\link.9024-cvtres.read.1.tlog
d:\github\invader\project1\x64\debug\project1.tlog\link.9024-cvtres.write.1.tlog
d:\github\invader\project1\x64\debug\project1.tlog\link.9024-rc.read.1.tlog
d:\github\invader\project1\x64\debug\project1.tlog\link.9024-rc.write.1.tlog
d:\github\invader\project1\x64\debug\project1.tlog\link.9024.read.1.tlog
d:\github\invader\project1\x64\debug\project1.tlog\link.9024.read.2.tlog
d:\github\invader\project1\x64\debug\project1.tlog\link.9024.write.1.tlog
d:\github\invader\project1\x64\debug\project1.tlog\link.command.1.tlog
d:\github\invader\project1\x64\debug\project1.tlog\link.read.1.tlog
d:\github\invader\project1\x64\debug\project1.tlog\link.read.2.tlog
d:\github\invader\project1\x64\debug\project1.tlog\link.secondary.1.tlog
d:\github\invader\project1\x64\debug\project1.tlog\link.write.1.tlog
